<?xml version="1.0" encoding="UTF-8"?>
<!-- Generated by org.testng.reporters.JUnitXMLReporter -->
<testsuite ignored="0" hostname="LAPTOP-O45APJ05" failures="0" tests="12" name="Default test" time="0.14" errors="0" timestamp="2023-07-24T12:10:07 IST">
  <testcase classname="TestCases_DataProvider.TestCases" name="entercredentionals" time="0.007"/>
  <testcase classname="TestCases_DataProvider.TestCases" name="entercredentionals" time="0.001"/>
  <testcase classname="TestCases_DataProvider.TestCases" name="entercredentionals" time="0.001"/>
  <testcase classname="TestCases_DataProvider.TestCases" name="launchurl" time="0.001"/>
  <testcase classname="TestCases_DataProvider.TestCases" name="launchurl" time="0.0"/>
  <testcase classname="TestCases_DataProvider.TestCases" name="launchurl" time="0.001"/>
  <testcase classname="TestCases_DataProvider.TestCases" name="logout" time="0.003"/>
  <testcase classname="TestCases_DataProvider.TestCases" name="logout" time="0.001"/>
  <testcase classname="TestCases_DataProvider.TestCases" name="logout" time="0.005"/>
  <testcase classname="TestCases_DataProvider.TestCases" name="validateLoginPage" time="0.002"/>
  <testcase classname="TestCases_DataProvider.TestCases" name="validateLoginPage" time="0.002"/>
  <testcase classname="TestCases_DataProvider.TestCases" name="validateLoginPage" time="0.001"/>
</testsuite> <!-- Default test -->
